<?xml version="1.0" encoding="UTF-8"?>
<!-- Generated by org.testng.reporters.JUnitReportReporter -->
<testsuite skipped="0" hostname="Menakas-MacBook-Air.local" name="com.example.TestRunner" tests="1" failures="0" timestamp="2022-10-05T22:52:28 IST" time="8.489" errors="0">
  <testcase name="runScenario" time="8.489" classname="com.example.TestRunner"/>
  <system-out/>
</testsuite> <!-- com.example.TestRunner -->
